2019-07-03 19:49:14,581 - H|1
2019-07-03 19:49:34,574 - H|2
2019-07-03 19:49:54,576 - H|3
2019-07-04 14:33:16,940 - connect to 193.112.167.225:11111, C|1
2019-07-04 14:33:17,299 - LOGIN_BEGIN:008
2019-07-04 14:33:17,377 - LOGIN_SUCCESS:008
2019-07-04 14:33:37,399 - H|1
2019-07-04 14:33:57,379 - H|2
2019-07-04 14:34:00,003 - watchHeart W|1
2019-07-04 14:34:17,379 - H|3
2019-07-04 14:34:37,380 - H|4
2019-07-04 14:35:00,005 - watchHeart W|2
2019-07-04 14:35:15,072 - H|5
2019-07-04 14:35:35,070 - H|6
2019-07-04 14:35:55,072 - H|7
2019-07-04 14:36:00,003 - watchHeart W|3
2019-07-04 14:36:15,071 - H|8
2019-07-04 14:36:35,072 - H|9
2019-07-04 14:36:55,072 - H|10
2019-07-04 14:37:00,001 - watchHeart W|4
2019-07-04 14:37:15,156 - H|11
2019-07-04 14:37:37,168 - connect to 193.112.167.225:11111, C|1
2019-07-04 14:37:37,395 - LOGIN_BEGIN:008
2019-07-04 14:37:37,450 - LOGIN_SUCCESS:008
2019-07-04 14:37:57,461 - H|1
2019-07-04 14:38:00,011 - watchHeart W|1
2019-07-04 14:38:17,451 - H|2
2019-07-04 14:38:37,453 - H|3
2019-07-04 14:38:57,453 - H|4
2019-07-04 14:39:00,003 - watchHeart W|2
2019-07-04 14:39:17,454 - H|5
2019-07-04 14:39:37,454 - H|6
2019-07-04 14:39:57,453 - H|7
2019-07-04 14:40:00,004 - watchHeart W|3
2019-07-04 14:40:17,453 - H|8
2019-07-04 14:40:37,454 - H|9
2019-07-04 14:40:57,454 - H|10
2019-07-04 14:41:00,003 - watchHeart W|4
2019-07-04 14:41:17,455 - H|11
2019-07-04 14:41:37,455 - H|12
2019-07-04 14:41:57,456 - H|13
2019-07-04 14:42:00,004 - watchHeart W|5
2019-07-04 14:43:35,655 - connect to 193.112.167.225:11111, C|1
2019-07-04 14:43:35,863 - LOGIN_BEGIN:008
2019-07-04 14:43:35,921 - LOGIN_SUCCESS:008
2019-07-04 14:43:55,931 - H|1
2019-07-04 14:44:00,014 - watchHeart W|1
2019-07-04 14:44:15,922 - H|2
2019-07-04 14:44:35,923 - H|3
2019-07-04 14:44:55,923 - H|4
2019-07-04 14:45:00,005 - watchHeart W|2
2019-07-04 14:45:15,923 - H|5
2019-07-04 14:45:35,923 - H|6
2019-07-04 14:45:55,923 - H|7
2019-07-04 14:46:00,004 - watchHeart W|3
2019-07-04 14:46:15,924 - H|8
2019-07-04 14:46:35,924 - H|9
2019-07-04 14:46:55,924 - H|10
2019-07-04 14:47:00,006 - watchHeart W|4
2019-07-04 14:47:15,924 - H|11
2019-07-04 14:47:35,924 - H|12
2019-07-04 14:47:55,926 - H|13
2019-07-04 14:48:00,005 - watchHeart W|5
2019-07-04 14:48:15,926 - H|14
2019-07-04 14:48:35,954 - H|15
2019-07-04 14:48:55,927 - H|16
2019-07-04 14:49:00,033 - watchHeart W|6
2019-07-04 14:49:15,927 - H|17
2019-07-04 14:49:35,927 - H|18
2019-07-04 14:49:55,927 - H|19
2019-07-04 14:50:00,003 - watchHeart W|7
2019-07-04 14:50:15,928 - H|20
2019-07-04 14:50:35,929 - H|21
2019-07-04 14:50:55,930 - H|22
2019-07-04 14:51:00,004 - watchHeart W|8
2019-07-04 14:51:49,547 - connect to 193.112.167.225:11111, C|1
2019-07-04 14:51:49,750 - LOGIN_BEGIN:008
2019-07-04 14:51:49,801 - LOGIN_SUCCESS:008
2019-07-04 14:52:00,002 - watchHeart W|1
2019-07-04 14:52:09,806 - H|1
2019-07-04 14:52:29,819 - H|2
2019-07-04 14:52:49,862 - H|3
2019-07-04 14:53:00,357 - watchHeart W|2
2019-07-04 14:53:09,805 - H|4
2019-07-04 14:53:29,805 - H|5
2019-07-04 14:53:49,804 - H|6
2019-07-04 14:54:00,006 - watchHeart W|3
2019-07-04 14:54:09,805 - H|7
2019-07-04 14:54:29,804 - H|8
2019-07-04 14:54:49,805 - H|9
2019-07-04 14:55:00,006 - watchHeart W|4
2019-07-04 14:55:09,805 - H|10
2019-07-04 14:55:29,806 - H|11
2019-07-04 14:55:49,806 - H|12
2019-07-04 14:56:00,006 - watchHeart W|5
2019-07-04 14:56:09,806 - H|13
2019-07-04 14:56:29,806 - H|14
2019-07-04 14:56:49,807 - H|15
2019-07-04 14:57:00,004 - watchHeart W|6
2019-07-04 14:57:09,807 - H|16
2019-07-04 14:57:29,807 - H|17
2019-07-04 14:57:49,809 - H|18
2019-07-04 14:58:00,003 - watchHeart W|7
2019-07-04 14:58:09,808 - H|19
2019-07-04 14:58:29,808 - H|20
2019-07-04 14:58:49,809 - H|21
2019-07-04 14:59:00,003 - watchHeart W|8
2019-07-04 14:59:09,810 - H|22
2019-07-04 14:59:29,810 - H|23
2019-07-04 14:59:49,811 - H|24
2019-07-04 15:00:00,006 - watchHeart W|9
2019-07-04 15:00:09,811 - H|25
2019-07-04 15:00:29,813 - H|26
2019-07-04 15:00:49,813 - H|27
2019-07-04 15:01:00,003 - watchHeart W|10
2019-07-04 15:01:09,813 - H|28
2019-07-04 15:01:29,815 - H|29
2019-07-04 15:01:49,815 - H|30
2019-07-04 15:02:00,004 - watchHeart W|11
2019-07-04 15:02:09,816 - H|31
2019-07-04 15:02:29,816 - H|32
2019-07-04 15:02:49,818 - H|33
2019-07-04 15:03:00,006 - watchHeart W|12
2019-07-04 15:03:09,818 - H|34
2019-07-04 15:03:29,819 - H|35
2019-07-04 15:03:49,818 - H|36
2019-07-04 15:04:00,004 - watchHeart W|13
2019-07-04 15:04:09,818 - H|37
2019-07-04 15:04:29,819 - H|38
2019-07-04 15:04:49,819 - H|39
2019-07-04 15:05:00,005 - watchHeart W|14
2019-07-04 15:05:09,819 - H|40
2019-07-04 15:05:29,819 - H|41
2019-07-04 15:05:49,819 - H|42
2019-07-04 15:06:00,006 - watchHeart W|15
2019-07-04 15:06:09,819 - H|43
2019-07-04 15:06:29,819 - H|44
2019-07-04 15:06:49,820 - H|45
2019-07-04 15:07:00,004 - watchHeart W|16
2019-07-04 15:07:09,820 - H|46
2019-07-04 15:07:29,820 - H|47
2019-07-04 15:07:49,820 - H|48
2019-07-04 15:08:00,003 - watchHeart W|17
2019-07-04 15:08:09,820 - H|49
2019-07-04 15:08:29,821 - H|50
2019-07-04 15:08:49,821 - H|51
2019-07-04 15:09:00,003 - watchHeart W|18
2019-07-04 15:09:09,821 - H|52
2019-07-04 15:09:29,822 - H|53
2019-07-04 15:09:49,822 - H|54
2019-07-04 15:10:00,005 - watchHeart W|19
2019-07-04 15:10:09,823 - H|55
2019-07-04 15:10:29,823 - H|56
2019-07-04 15:10:49,823 - H|57
2019-07-04 15:11:00,005 - watchHeart W|20
2019-07-04 15:11:09,823 - H|58
2019-07-04 15:11:29,823 - H|59
2019-07-04 15:11:49,823 - H|60
2019-07-04 15:12:00,005 - watchHeart W|21
2019-07-04 15:12:09,825 - H|61
2019-07-04 15:12:29,825 - H|62
2019-07-04 15:12:49,824 - H|63
2019-07-04 15:13:00,003 - watchHeart W|22
2019-07-04 15:13:09,826 - H|64
2019-07-04 15:13:29,826 - H|65
2019-07-04 15:13:49,826 - H|66
2019-07-04 15:14:00,006 - watchHeart W|23
2019-07-04 15:14:09,826 - H|67
2019-07-04 15:14:29,827 - H|68
2019-07-04 15:14:49,828 - H|69
2019-07-04 15:15:00,005 - watchHeart W|24
2019-07-04 15:15:09,827 - H|70
2019-07-04 15:15:29,829 - H|71
2019-07-04 15:15:49,829 - H|72
2019-07-04 15:16:00,005 - watchHeart W|25
2019-07-04 15:16:09,829 - H|73
2019-07-04 15:16:29,829 - H|74
2019-07-04 15:16:49,829 - H|75
2019-07-04 15:17:00,003 - watchHeart W|26
2019-07-04 15:17:09,830 - H|76
2019-07-04 15:17:29,831 - H|77
2019-07-04 15:17:49,831 - H|78
2019-07-04 15:18:00,001 - watchHeart W|27
2019-07-04 15:18:09,832 - H|79
2019-07-04 15:18:29,832 - H|80
2019-07-04 15:18:49,833 - H|81
2019-07-04 15:19:00,004 - watchHeart W|28
2019-07-04 15:19:09,833 - H|82
2019-07-04 15:19:29,835 - H|83
2019-07-04 15:19:49,835 - H|84
2019-07-04 15:20:00,003 - watchHeart W|29
2019-07-04 15:20:09,835 - H|85
2019-07-04 15:20:29,835 - H|86
2019-07-04 15:20:49,835 - H|87
2019-07-04 15:21:00,003 - watchHeart W|30
2019-07-04 15:21:09,836 - H|88
2019-07-04 15:21:29,835 - H|89
2019-07-04 15:21:49,835 - H|90
2019-07-04 15:22:00,003 - watchHeart W|31
2019-07-04 15:22:09,837 - H|91
2019-07-04 15:22:29,836 - H|92
2019-07-04 15:22:49,837 - H|93
2019-07-04 15:23:00,006 - watchHeart W|32
2019-07-04 15:23:09,837 - H|94
2019-07-04 15:23:29,838 - H|95
2019-07-04 15:23:49,838 - H|96
2019-07-04 15:24:00,005 - watchHeart W|33
2019-07-04 15:24:09,838 - H|97
2019-07-04 15:24:29,838 - H|98
2019-07-04 15:24:49,840 - H|99
2019-07-04 15:25:00,005 - watchHeart W|34
2019-07-04 15:25:09,840 - H|100
2019-07-04 15:25:29,841 - H|101
2019-07-04 15:25:49,842 - H|102
2019-07-04 15:26:00,002 - watchHeart W|35
2019-07-04 15:26:09,842 - H|103
2019-07-04 15:26:29,843 - H|104
2019-07-04 15:26:49,844 - H|105
2019-07-04 15:27:00,005 - watchHeart W|36
2019-07-04 15:27:09,845 - H|106
2019-07-04 15:27:29,845 - H|107
2019-07-04 15:27:49,845 - H|108
2019-07-04 15:28:00,002 - watchHeart W|37
2019-07-04 15:28:09,846 - H|109
2019-07-04 15:28:29,846 - H|110
2019-07-04 15:28:49,847 - H|111
2019-07-04 15:29:00,003 - watchHeart W|38
2019-07-04 15:29:09,847 - H|112
2019-07-04 15:29:29,847 - H|113
2019-07-04 15:29:49,847 - H|114
2019-07-04 15:30:00,006 - watchHeart W|39
2019-07-04 15:30:09,848 - H|115
2019-07-04 15:30:29,849 - H|116
2019-07-04 15:30:49,848 - H|117
2019-07-04 15:31:00,005 - watchHeart W|40
2019-07-04 15:31:09,850 - H|118
2019-07-04 15:31:29,851 - H|119
2019-07-04 15:31:49,851 - H|120
2019-07-04 15:32:00,000 - watchHeart W|41
2019-07-04 15:32:09,852 - H|121
2019-07-04 15:32:29,852 - H|122
2019-07-04 15:32:49,853 - H|123
2019-07-04 15:33:00,003 - watchHeart W|42
2019-07-04 15:33:09,854 - H|124
2019-07-04 15:33:29,855 - H|125
2019-07-04 15:33:49,855 - H|126
2019-07-04 15:34:00,001 - watchHeart W|43
2019-07-04 15:34:09,855 - H|127
2019-07-04 15:34:29,856 - H|128
2019-07-04 15:34:49,857 - H|129
2019-07-04 15:35:00,003 - watchHeart W|44
2019-07-04 15:35:09,856 - H|130
2019-07-04 15:35:29,857 - H|131
2019-07-04 15:35:49,857 - H|132
2019-07-04 15:36:00,004 - watchHeart W|45
2019-07-04 15:36:09,857 - H|133
2019-07-04 15:36:29,859 - H|134
2019-07-04 15:36:49,859 - H|135
2019-07-04 15:37:00,043 - watchHeart W|46
2019-07-04 15:37:09,859 - H|136
2019-07-04 15:37:29,913 - H|137
2019-07-04 15:37:49,886 - H|138
2019-07-04 15:38:00,129 - watchHeart W|47
2019-07-04 15:38:09,860 - H|139
2019-07-04 15:38:29,861 - H|140
2019-07-04 15:38:49,862 - H|141
2019-07-04 15:39:00,005 - watchHeart W|48
2019-07-04 15:39:09,862 - H|142
2019-07-04 15:39:29,863 - H|143
2019-07-04 15:39:49,864 - H|144
2019-07-04 15:40:00,001 - watchHeart W|49
2019-07-04 15:40:09,864 - H|145
2019-07-04 15:40:29,865 - H|146
2019-07-04 15:40:49,865 - H|147
2019-07-04 15:41:00,004 - watchHeart W|50
2019-07-04 15:41:09,865 - H|148
2019-07-04 15:41:29,866 - H|149
2019-07-04 15:41:49,867 - H|150
2019-07-04 15:42:00,002 - watchHeart W|51
2019-07-04 15:42:09,867 - H|151
2019-07-04 15:42:29,868 - H|152
2019-07-04 15:42:49,870 - H|153
2019-07-04 15:43:00,005 - watchHeart W|52
2019-07-04 15:43:09,870 - H|154
2019-07-04 15:43:29,870 - H|155
2019-07-04 15:43:49,872 - H|156
2019-07-04 15:44:00,002 - watchHeart W|53
2019-07-04 15:44:09,873 - H|157
2019-07-04 15:44:29,873 - H|158
2019-07-04 15:44:49,874 - H|159
2019-07-04 15:45:00,004 - watchHeart W|54
2019-07-04 15:45:09,874 - H|160
2019-07-04 15:45:29,874 - H|161
2019-07-04 15:45:49,875 - H|162
2019-07-04 15:46:00,005 - watchHeart W|55
2019-07-04 15:46:09,876 - H|163
2019-07-04 15:46:29,877 - H|164
2019-07-04 15:46:49,878 - H|165
2019-07-04 15:47:00,004 - watchHeart W|56
2019-07-04 15:47:09,879 - H|166
2019-07-04 15:47:29,879 - H|167
2019-07-04 15:47:49,879 - H|168
2019-07-04 15:48:00,006 - watchHeart W|57
2019-07-04 15:48:09,880 - H|169
2019-07-04 15:48:29,880 - H|170
2019-07-04 15:48:49,880 - H|171
2019-07-04 15:49:00,002 - watchHeart W|58
2019-07-04 15:49:09,880 - H|172
2019-07-04 15:49:29,881 - H|173
2019-07-04 15:49:49,881 - H|174
2019-07-04 15:50:00,005 - watchHeart W|59
2019-07-04 15:50:09,880 - H|175
2019-07-04 15:50:29,881 - H|176
2019-07-04 15:50:49,882 - H|177
2019-07-04 15:51:00,002 - watchHeart W|60
2019-07-04 15:51:09,882 - H|178
2019-07-04 15:51:29,882 - H|179
2019-07-04 15:51:49,882 - H|180
2019-07-04 15:52:00,002 - watchHeart W|61
2019-07-04 15:52:09,883 - H|181
2019-07-04 15:52:29,884 - H|182
2019-07-04 15:52:49,884 - H|183
2019-07-04 15:53:00,003 - watchHeart W|62
2019-07-04 15:53:09,885 - H|184
2019-07-04 15:53:29,887 - H|185
2019-07-04 15:53:49,888 - H|186
2019-07-04 15:54:00,003 - watchHeart W|63
2019-07-04 15:54:09,888 - H|187
2019-07-04 15:54:29,889 - H|188
2019-07-04 15:54:49,890 - H|189
2019-07-04 15:55:00,005 - watchHeart W|64
2019-07-04 15:55:09,890 - H|190
2019-07-04 15:55:29,891 - H|191
2019-07-04 15:55:49,890 - H|192
2019-07-04 15:56:00,003 - watchHeart W|65
2019-07-04 15:56:09,890 - H|193
2019-07-04 15:56:29,890 - H|194
2019-07-04 15:56:49,891 - H|195
2019-07-04 15:57:00,005 - watchHeart W|66
2019-07-04 15:57:09,891 - H|196
2019-07-04 15:57:29,891 - H|197
2019-07-04 15:57:49,891 - H|198
2019-07-04 15:58:00,002 - watchHeart W|67
2019-07-04 15:58:09,892 - H|199
2019-07-04 15:58:29,891 - H|200
2019-07-04 15:58:49,892 - H|201
2019-07-04 15:59:00,002 - watchHeart W|68
2019-07-04 15:59:09,893 - H|202
2019-07-04 15:59:29,894 - H|203
2019-07-04 15:59:49,894 - H|204
2019-07-04 16:00:00,003 - watchHeart W|69
2019-07-04 16:00:09,894 - H|205
2019-07-04 16:00:29,894 - H|206
2019-07-04 16:00:49,894 - H|207
2019-07-04 16:01:00,003 - watchHeart W|70
2019-07-04 16:01:09,894 - H|208
2019-07-04 16:01:29,895 - H|209
2019-07-04 16:01:49,895 - H|210
2019-07-04 16:02:00,004 - watchHeart W|71
2019-07-04 16:02:09,896 - H|211
2019-07-04 16:02:29,897 - H|212
2019-07-04 16:02:49,897 - H|213
2019-07-04 16:03:00,003 - watchHeart W|72
2019-07-04 16:03:09,898 - H|214
2019-07-04 16:03:29,898 - H|215
2019-07-04 16:03:49,898 - H|216
2019-07-04 16:04:00,002 - watchHeart W|73
2019-07-04 16:04:09,899 - H|217
2019-07-04 16:04:29,900 - H|218
2019-07-04 16:04:49,900 - H|219
2019-07-04 16:05:00,003 - watchHeart W|74
2019-07-04 16:05:09,901 - H|220
2019-07-04 16:05:29,901 - H|221
2019-07-04 16:05:49,902 - H|222
2019-07-04 16:06:00,004 - watchHeart W|75
2019-07-04 16:06:09,903 - H|223
2019-07-04 16:06:29,903 - H|224
2019-07-04 16:06:49,903 - H|225
2019-07-04 16:07:00,003 - watchHeart W|76
2019-07-04 16:07:09,904 - H|226
2019-07-04 16:07:29,904 - H|227
2019-07-04 16:07:49,905 - H|228
2019-07-04 16:08:00,003 - watchHeart W|77
2019-07-04 16:08:09,905 - H|229
2019-07-04 16:08:29,906 - H|230
2019-07-04 16:08:49,907 - H|231
2019-07-04 16:09:00,004 - watchHeart W|78
2019-07-04 16:09:09,906 - H|232
2019-07-04 16:09:29,907 - H|233
2019-07-04 16:09:49,907 - H|234
2019-07-04 16:10:00,002 - watchHeart W|79
2019-07-04 16:10:09,907 - H|235
2019-07-04 16:10:29,908 - H|236
2019-07-04 16:10:49,908 - H|237
2019-07-04 16:11:00,004 - watchHeart W|80
2019-07-04 16:11:09,909 - H|238
2019-07-04 16:11:29,909 - H|239
2019-07-04 16:11:49,910 - H|240
2019-07-04 16:12:00,004 - watchHeart W|81
2019-07-04 16:12:09,912 - H|241
2019-07-04 16:12:29,912 - H|242
2019-07-04 16:12:49,912 - H|243
2019-07-04 16:13:00,002 - watchHeart W|82
2019-07-04 16:13:09,912 - H|244
2019-07-04 16:13:29,913 - H|245
2019-07-04 16:13:49,913 - H|246
2019-07-04 16:14:00,004 - watchHeart W|83
2019-07-04 16:14:09,914 - H|247
2019-07-04 16:14:29,914 - H|248
2019-07-04 16:14:49,914 - H|249
2019-07-04 16:15:00,002 - watchHeart W|84
2019-07-04 16:15:09,914 - H|250
2019-07-04 16:15:29,915 - H|251
2019-07-04 16:15:49,915 - H|252
2019-07-04 16:16:00,003 - watchHeart W|85
2019-07-04 16:16:09,917 - H|253
2019-07-04 16:16:29,918 - H|254
2019-07-04 16:16:49,920 - H|255
2019-07-04 16:17:00,114 - watchHeart W|86
2019-07-04 16:17:09,919 - H|256
2019-07-04 16:17:29,919 - H|257
2019-07-04 16:17:49,919 - H|258
2019-07-04 16:18:00,003 - watchHeart W|87
2019-07-04 16:18:09,919 - H|259
2019-07-04 16:18:29,919 - H|260
2019-07-04 16:18:49,920 - H|261
2019-07-04 16:19:00,002 - watchHeart W|88
2019-07-04 16:19:09,921 - H|262
2019-07-04 16:19:29,922 - H|263
2019-07-04 16:19:49,922 - H|264
2019-07-04 16:20:00,002 - watchHeart W|89
2019-07-04 16:20:09,923 - H|265
2019-07-04 16:20:29,923 - H|266
2019-07-04 16:20:49,925 - H|267
2019-07-04 16:21:00,004 - watchHeart W|90
2019-07-04 16:21:09,925 - H|268
2019-07-04 16:21:29,926 - H|269
2019-07-04 16:21:49,926 - H|270
2019-07-04 16:22:00,004 - watchHeart W|91
2019-07-04 16:22:09,925 - H|271
2019-07-04 16:22:29,926 - H|272
2019-07-04 16:22:49,925 - H|273
2019-07-04 16:23:00,004 - watchHeart W|92
2019-07-04 16:23:09,927 - H|274
2019-07-04 16:23:29,928 - H|275
2019-07-04 16:23:49,928 - H|276
2019-07-04 16:24:00,004 - watchHeart W|93
2019-07-04 16:24:09,929 - H|277
2019-07-04 16:24:29,930 - H|278
2019-07-04 16:24:49,930 - H|279
2019-07-04 16:25:00,003 - watchHeart W|94
2019-07-04 16:25:09,930 - H|280
2019-07-04 16:25:33,930 - H|281
2019-07-04 16:25:53,930 - H|282
2019-07-04 16:26:03,999 - watchHeart W|95
2019-07-04 16:26:13,930 - H|283
2019-07-04 16:26:33,931 - H|284
2019-07-04 16:26:53,932 - H|285
2019-07-04 16:27:00,005 - watchHeart W|96
2019-07-04 16:27:13,932 - H|286
2019-07-04 16:27:33,934 - H|287
2019-07-04 16:27:53,934 - H|288
2019-07-04 16:28:00,004 - watchHeart W|97
2019-07-04 16:28:13,934 - H|289
2019-07-04 16:28:33,934 - H|290
2019-07-04 16:28:53,935 - H|291
2019-07-04 16:29:00,004 - watchHeart W|98
2019-07-04 16:29:13,934 - H|292
2019-07-04 16:29:33,935 - H|293
2019-07-04 16:29:53,935 - H|294
2019-07-04 16:30:00,003 - watchHeart W|99
2019-07-04 16:30:13,936 - H|295
2019-07-04 16:30:33,937 - H|296
2019-07-04 16:30:53,937 - H|297
2019-07-04 16:31:00,005 - watchHeart W|100
2019-07-04 16:31:13,936 - H|298
2019-07-04 16:31:33,937 - H|299
2019-07-04 16:31:53,937 - H|300
2019-07-04 16:32:00,004 - watchHeart W|101
2019-07-04 16:32:13,937 - H|301
2019-07-04 16:32:33,938 - H|302
2019-07-04 16:32:53,939 - H|303
2019-07-04 16:33:00,006 - watchHeart W|102
2019-07-04 16:33:13,939 - H|304
2019-07-04 16:33:33,939 - H|305
2019-07-04 16:33:53,940 - H|306
2019-07-04 16:34:00,003 - watchHeart W|103
2019-07-04 16:34:13,940 - H|307
2019-07-04 16:34:33,941 - H|308
2019-07-04 16:34:53,941 - H|309
2019-07-04 16:35:00,004 - watchHeart W|104
2019-07-04 16:35:13,941 - H|310
2019-07-04 16:35:33,942 - H|311
2019-07-04 16:35:53,943 - H|312
2019-07-04 16:36:00,003 - watchHeart W|105
2019-07-04 16:36:13,944 - H|313
2019-07-04 16:36:33,946 - H|314
2019-07-04 16:36:53,945 - H|315
2019-07-04 16:37:00,005 - watchHeart W|106
2019-07-04 16:37:13,946 - H|316
2019-07-04 16:37:33,947 - H|317
2019-07-04 16:37:53,947 - H|318
2019-07-04 16:38:00,005 - watchHeart W|107
2019-07-04 16:38:13,947 - H|319
2019-07-04 16:38:33,947 - H|320
2019-07-04 16:38:53,947 - H|321
2019-07-04 16:39:00,004 - watchHeart W|108
2019-07-04 16:39:13,948 - H|322
2019-07-04 16:39:33,947 - H|323
2019-07-04 16:39:53,948 - H|324
2019-07-04 16:40:00,005 - watchHeart W|109
2019-07-04 16:40:13,948 - H|325
2019-07-04 16:40:33,950 - H|326
2019-07-04 16:40:53,950 - H|327
2019-07-04 16:41:00,005 - watchHeart W|110
2019-07-04 16:41:13,951 - H|328
2019-07-04 16:41:33,951 - H|329
2019-07-04 16:41:53,951 - H|330
2019-07-04 16:42:00,003 - watchHeart W|111
2019-07-04 16:42:13,951 - H|331
2019-07-04 16:42:33,952 - H|332
2019-07-04 16:42:53,953 - H|333
2019-07-04 16:43:00,002 - watchHeart W|112
2019-07-04 16:43:13,953 - H|334
2019-07-04 16:43:33,953 - H|335
2019-07-04 16:43:53,954 - H|336
2019-07-04 16:44:00,005 - watchHeart W|113
2019-07-04 16:44:13,955 - H|337
2019-07-04 16:44:33,955 - H|338
2019-07-04 16:44:53,956 - H|339
2019-07-04 16:45:00,004 - watchHeart W|114
2019-07-04 16:45:13,956 - H|340
2019-07-04 16:45:33,958 - H|341
2019-07-04 16:45:53,958 - H|342
2019-07-04 16:46:00,001 - watchHeart W|115
2019-07-04 16:46:13,959 - H|343
2019-07-04 16:46:33,960 - H|344
2019-07-04 16:46:53,960 - H|345
2019-07-04 16:47:00,005 - watchHeart W|116
2019-07-04 16:47:13,961 - H|346
2019-07-04 16:47:33,961 - H|347
2019-07-04 16:47:53,962 - H|348
2019-07-04 16:48:00,003 - watchHeart W|117
2019-07-04 16:48:13,962 - H|349
2019-07-04 16:48:33,963 - H|350
2019-07-04 16:48:53,964 - H|351
2019-07-04 16:49:00,005 - watchHeart W|118
2019-07-04 16:49:13,965 - H|352
2019-07-04 16:49:33,965 - H|353
2019-07-04 16:49:53,966 - H|354
2019-07-04 16:50:00,002 - watchHeart W|119
2019-07-04 16:50:13,965 - H|355
2019-07-04 16:50:33,967 - H|356
2019-07-04 16:50:53,967 - H|357
2019-07-04 16:51:00,003 - watchHeart W|120
2019-07-04 16:51:13,968 - H|358
2019-07-04 16:51:33,968 - H|359
2019-07-04 16:51:53,969 - H|360
2019-07-04 16:52:00,002 - watchHeart W|121
2019-07-04 16:52:13,970 - H|361
2019-07-04 16:52:33,970 - H|362
2019-07-04 16:52:53,970 - H|363
2019-07-04 16:53:00,003 - watchHeart W|122
2019-07-04 16:53:13,972 - H|364
2019-07-04 16:53:33,972 - H|365
2019-07-04 16:53:53,973 - H|366
2019-07-04 16:54:00,002 - watchHeart W|123
2019-07-04 16:54:13,973 - H|367
2019-07-04 16:54:33,974 - H|368
2019-07-04 16:54:53,975 - H|369
2019-07-04 16:55:00,003 - watchHeart W|124
2019-07-04 16:55:13,976 - H|370
2019-07-04 16:55:33,977 - H|371
2019-07-04 16:55:53,977 - H|372
2019-07-04 16:56:00,002 - watchHeart W|125
2019-07-04 16:56:13,977 - H|373
2019-07-04 16:56:33,978 - H|374
2019-07-04 16:56:53,978 - H|375
2019-07-04 16:57:00,003 - watchHeart W|126
2019-07-04 16:57:13,979 - H|376
2019-07-04 16:57:33,979 - H|377
2019-07-04 16:57:53,980 - H|378
2019-07-04 16:58:00,003 - watchHeart W|127
2019-07-04 16:58:13,980 - H|379
2019-07-04 16:58:33,981 - H|380
2019-07-04 16:58:53,982 - H|381
2019-07-04 16:59:00,002 - watchHeart W|128
2019-07-04 16:59:13,981 - H|382
2019-07-04 16:59:33,982 - H|383
2019-07-04 16:59:53,982 - H|384
2019-07-04 17:00:00,004 - watchHeart W|129
2019-07-04 17:00:13,982 - H|385
2019-07-04 17:00:33,983 - H|386
2019-07-04 17:00:53,984 - H|387
2019-07-04 17:01:00,004 - watchHeart W|130
2019-07-04 17:01:13,985 - H|388
2019-07-04 17:01:33,986 - H|389
2019-07-04 17:01:53,986 - H|390
2019-07-04 17:02:00,003 - watchHeart W|131
2019-07-04 17:02:13,987 - H|391
2019-07-04 17:02:33,987 - H|392
2019-07-04 17:02:53,987 - H|393
2019-07-04 17:03:00,002 - watchHeart W|132
2019-07-04 17:03:13,987 - H|394
2019-07-04 17:03:33,987 - H|395
2019-07-04 17:03:53,988 - H|396
2019-07-04 17:04:00,003 - watchHeart W|133
2019-07-04 17:04:13,988 - H|397
2019-07-04 17:04:33,988 - H|398
2019-07-04 17:04:53,989 - H|399
2019-07-04 17:05:00,004 - watchHeart W|134
2019-07-04 17:05:13,989 - H|400
2019-07-04 17:05:33,989 - H|401
2019-07-04 17:05:53,989 - H|402
2019-07-04 17:06:00,005 - watchHeart W|135
2019-07-04 17:06:13,989 - H|403
2019-07-04 17:06:33,990 - H|404
2019-07-04 17:06:53,990 - H|405
2019-07-04 17:07:00,003 - watchHeart W|136
2019-07-04 17:07:13,991 - H|406
2019-07-04 17:07:33,991 - H|407
2019-07-04 17:07:53,991 - H|408
2019-07-04 17:08:00,002 - watchHeart W|137
2019-07-04 17:08:13,991 - H|409
2019-07-04 17:08:33,992 - H|410
2019-07-04 17:08:53,993 - H|411
2019-07-04 17:09:00,005 - watchHeart W|138
2019-07-04 17:09:13,993 - H|412
2019-07-04 17:09:33,993 - H|413
2019-07-04 17:09:53,993 - H|414
2019-07-04 17:10:00,004 - watchHeart W|139
2019-07-04 17:10:13,994 - H|415
2019-07-04 17:10:33,994 - H|416
2019-07-04 17:10:53,994 - H|417
2019-07-04 17:11:00,003 - watchHeart W|140
2019-07-04 17:11:13,995 - H|418
2019-07-04 17:11:33,996 - H|419
2019-07-04 17:11:53,996 - H|420
2019-07-04 17:12:00,002 - watchHeart W|141
2019-07-04 17:12:13,996 - H|421
2019-07-04 17:12:33,995 - H|422
2019-07-04 17:12:54,028 - H|423
2019-07-04 17:13:00,079 - watchHeart W|142
2019-07-04 17:13:13,997 - H|424
2019-07-04 17:13:34,031 - H|425
2019-07-04 17:13:54,016 - H|426
2019-07-04 17:14:00,001 - watchHeart W|143
2019-07-04 17:14:14,018 - H|427
2019-07-04 17:14:33,998 - H|428
2019-07-04 17:14:54,021 - H|429
2019-07-04 17:15:00,082 - watchHeart W|144
2019-07-04 17:15:13,999 - H|430
2019-07-04 17:15:34,018 - H|431
2019-07-04 17:16:06,588 - connect to 193.112.167.225:11111, C|1
2019-07-04 17:16:06,820 - LOGIN_BEGIN:008
2019-07-04 17:16:06,876 - LOGIN_SUCCESS:008
2019-07-04 17:16:26,885 - H|1
2019-07-04 17:16:46,878 - H|2
2019-07-04 17:17:00,005 - watchHeart W|1
2019-07-04 17:17:06,879 - H|3
2019-07-04 17:17:26,879 - H|4
2019-07-04 17:17:46,924 - H|5
2019-07-04 17:18:00,320 - watchHeart W|2
2019-07-04 17:18:06,880 - H|6
2019-07-04 17:18:26,915 - H|7
2019-07-04 17:18:46,880 - H|8
2019-07-04 17:19:00,130 - watchHeart W|3
2019-07-04 17:19:06,880 - H|9
2019-07-04 17:19:26,881 - H|10
2019-07-04 17:19:46,881 - H|11
2019-07-04 17:20:00,003 - watchHeart W|4
2019-07-04 17:20:06,882 - H|12
2019-07-04 17:20:26,882 - H|13
2019-07-04 17:20:46,882 - H|14
2019-07-04 17:21:00,003 - watchHeart W|5
2019-07-04 17:21:06,883 - H|15
2019-07-04 17:21:26,883 - H|16
2019-07-04 17:21:46,883 - H|17
2019-07-04 17:22:00,004 - watchHeart W|6
2019-07-04 17:22:06,883 - H|18
2019-07-04 17:22:26,883 - H|19
2019-07-04 17:22:46,884 - H|20
2019-07-04 17:23:00,003 - watchHeart W|7
2019-07-04 17:23:06,883 - H|21
2019-07-04 17:23:26,883 - H|22
2019-07-04 17:23:46,884 - H|23
2019-07-04 17:24:00,003 - watchHeart W|8
2019-07-04 17:24:06,885 - H|24
2019-07-04 17:24:26,884 - H|25
2019-07-04 17:24:46,885 - H|26
2019-07-04 17:25:00,002 - watchHeart W|9
2019-07-04 17:25:06,884 - H|27
2019-07-04 17:25:26,884 - H|28
2019-07-04 17:25:46,884 - H|29
2019-07-04 17:26:00,002 - watchHeart W|10
2019-07-04 17:26:06,884 - H|30
2019-07-04 17:26:26,884 - H|31
2019-07-04 17:26:46,885 - H|32
2019-07-04 17:27:00,004 - watchHeart W|11
2019-07-04 17:27:06,885 - H|33
2019-07-04 17:27:26,892 - H|34
2019-07-04 17:27:46,886 - H|35
2019-07-04 17:28:00,003 - watchHeart W|12
2019-07-04 17:28:06,885 - H|36
2019-07-04 17:28:26,886 - H|37
2019-07-04 17:28:46,887 - H|38
2019-07-04 17:29:00,002 - watchHeart W|13
2019-07-04 17:29:06,888 - H|39
2019-07-04 17:29:26,889 - H|40
2019-07-04 17:29:46,889 - H|41
2019-07-04 17:30:00,003 - watchHeart W|14
2019-07-04 17:30:06,889 - H|42
2019-07-04 17:30:26,891 - H|43
2019-07-04 17:30:46,890 - H|44
2019-07-04 17:31:00,005 - watchHeart W|15
2019-07-04 17:31:06,891 - H|45
2019-07-04 17:31:26,892 - H|46
2019-07-04 17:31:46,894 - H|47
2019-07-04 17:32:00,005 - watchHeart W|16
2019-07-04 17:32:06,894 - H|48
2019-07-04 17:32:26,895 - H|49
2019-07-04 17:32:46,895 - H|50
2019-07-04 17:33:00,002 - watchHeart W|17
2019-07-04 17:33:06,895 - H|51
2019-07-04 17:33:26,896 - H|52
2019-07-04 17:33:46,896 - H|53
2019-07-04 17:34:00,002 - watchHeart W|18
2019-07-04 17:34:06,896 - H|54
2019-07-04 17:34:26,897 - H|55
2019-07-04 17:34:46,897 - H|56
2019-07-04 17:35:00,002 - watchHeart W|19
2019-07-04 17:35:06,897 - H|57
2019-07-04 17:35:26,897 - H|58
2019-07-04 17:35:46,897 - H|59
2019-07-04 17:36:00,005 - watchHeart W|20
2019-07-04 17:36:06,897 - H|60
2019-07-04 17:36:26,898 - H|61
2019-07-04 17:36:46,899 - H|62
2019-07-04 17:37:00,002 - watchHeart W|21
2019-07-04 17:37:06,899 - H|63
2019-07-04 17:37:26,899 - H|64
2019-07-04 17:37:46,899 - H|65
2019-07-04 17:38:00,004 - watchHeart W|22
2019-07-04 17:38:06,899 - H|66
2019-07-04 17:38:26,900 - H|67
2019-07-04 17:38:46,902 - H|68
2019-07-04 17:39:00,002 - watchHeart W|23
2019-07-04 17:39:06,903 - H|69
2019-07-04 17:39:26,905 - H|70
2019-07-04 17:39:46,905 - H|71
2019-07-04 17:40:00,003 - watchHeart W|24
2019-07-04 17:40:06,906 - H|72
2019-07-04 17:40:26,905 - H|73
2019-07-04 17:40:46,905 - H|74
2019-07-04 17:41:00,002 - watchHeart W|25
2019-07-04 17:41:06,906 - H|75
2019-07-04 17:41:26,906 - H|76
2019-07-04 17:41:46,907 - H|77
2019-07-04 17:42:00,003 - watchHeart W|26
2019-07-04 17:42:06,907 - H|78
2019-07-04 17:42:26,908 - H|79
2019-07-04 17:42:46,907 - H|80
2019-07-04 17:43:00,005 - watchHeart W|27
2019-07-04 17:43:06,908 - H|81
2019-07-04 17:43:26,909 - H|82
2019-07-04 17:43:46,909 - H|83
2019-07-04 17:44:00,003 - watchHeart W|28
2019-07-04 17:44:06,909 - H|84
2019-07-04 17:44:26,909 - H|85
2019-07-04 17:44:46,910 - H|86
2019-07-04 17:45:00,005 - watchHeart W|29
2019-07-04 17:45:06,910 - H|87
2019-07-04 17:45:26,910 - H|88
2019-07-04 17:45:46,911 - H|89
2019-07-04 17:46:00,004 - watchHeart W|30
2019-07-04 17:46:06,911 - H|90
2019-07-04 17:46:26,912 - H|91
2019-07-04 17:46:46,913 - H|92
2019-07-04 17:47:00,005 - watchHeart W|31
2019-07-04 17:47:06,914 - H|93
2019-07-04 17:47:26,914 - H|94
2019-07-04 17:47:46,915 - H|95
2019-07-04 17:48:00,003 - watchHeart W|32
2019-07-04 17:48:06,915 - H|96
2019-07-04 17:48:26,915 - H|97
2019-07-04 17:48:46,915 - H|98
2019-07-04 17:49:00,003 - watchHeart W|33
2019-07-04 17:49:06,916 - H|99
2019-07-04 17:49:26,916 - H|100
2019-07-04 17:49:46,917 - H|101
2019-07-04 17:50:00,002 - watchHeart W|34
2019-07-04 17:50:06,918 - H|102
2019-07-04 17:50:26,919 - H|103
2019-07-04 17:50:46,919 - H|104
2019-07-04 17:51:00,002 - watchHeart W|35
2019-07-04 17:51:06,920 - H|105
2019-07-04 17:51:26,922 - H|106
2019-07-04 17:51:46,922 - H|107
2019-07-04 17:52:00,006 - watchHeart W|36
2019-07-04 17:52:06,922 - H|108
2019-07-04 17:52:26,922 - H|109
2019-07-04 17:52:46,923 - H|110
2019-07-04 17:53:00,003 - watchHeart W|37
2019-07-04 17:53:06,924 - H|111
2019-07-04 17:53:26,924 - H|112
2019-07-04 17:53:46,926 - H|113
2019-07-04 17:54:00,002 - watchHeart W|38
2019-07-04 17:54:06,926 - H|114
2019-07-04 17:54:26,928 - H|115
2019-07-04 17:54:46,929 - H|116
2019-07-04 17:55:00,003 - watchHeart W|39
2019-07-04 17:55:06,930 - H|117
2019-07-04 17:55:26,931 - H|118
2019-07-04 17:55:46,931 - H|119
2019-07-04 17:56:00,004 - watchHeart W|40
2019-07-04 17:56:06,932 - H|120
2019-07-04 17:56:26,933 - H|121
2019-07-04 17:56:46,933 - H|122
2019-07-04 17:57:00,003 - watchHeart W|41
2019-07-04 17:57:06,933 - H|123
2019-07-04 17:57:26,934 - H|124
2019-07-04 17:57:46,935 - H|125
2019-07-04 17:58:00,004 - watchHeart W|42
2019-07-04 17:58:06,936 - H|126
2019-07-04 17:58:26,937 - H|127
2019-07-04 17:58:46,936 - H|128
2019-07-04 17:59:00,002 - watchHeart W|43
2019-07-04 17:59:06,938 - H|129
2019-07-04 17:59:26,939 - H|130
2019-07-04 17:59:46,939 - H|131
2019-07-04 18:00:00,003 - watchHeart W|44
2019-07-04 18:00:06,939 - H|132
2019-07-04 18:00:26,940 - H|133
2019-07-04 18:00:46,941 - H|134
2019-07-04 18:01:00,003 - watchHeart W|45
2019-07-04 18:01:06,941 - H|135
2019-07-04 18:01:26,942 - H|136
2019-07-04 18:01:46,943 - H|137
2019-07-04 18:02:00,003 - watchHeart W|46
2019-07-04 18:02:06,944 - H|138
2019-07-04 18:02:26,944 - H|139
2019-07-04 18:02:46,945 - H|140
2019-07-04 18:03:00,002 - watchHeart W|47
2019-07-04 18:03:06,945 - H|141
2019-07-04 18:03:26,945 - H|142
2019-07-04 18:03:46,945 - H|143
2019-07-04 18:04:00,005 - watchHeart W|48
2019-07-04 18:04:06,945 - H|144
2019-07-04 18:04:26,946 - H|145
2019-07-04 18:04:46,946 - H|146
2019-07-04 18:05:00,003 - watchHeart W|49
2019-07-04 18:05:06,946 - H|147
2019-07-04 18:05:26,946 - H|148
2019-07-04 18:05:46,947 - H|149
2019-07-04 18:06:00,003 - watchHeart W|50
2019-07-04 18:06:06,947 - H|150
2019-07-04 18:06:26,948 - H|151
2019-07-04 18:06:46,949 - H|152
2019-07-04 18:07:00,005 - watchHeart W|51
2019-07-04 18:07:06,950 - H|153
2019-07-04 18:07:26,950 - H|154
2019-07-04 18:07:46,950 - H|155
2019-07-04 18:08:00,003 - watchHeart W|52
2019-07-04 18:08:06,951 - H|156
2019-07-04 18:08:26,952 - H|157
2019-07-04 18:08:46,952 - H|158
2019-07-04 18:09:00,004 - watchHeart W|53
2019-07-04 18:09:06,952 - H|159
2019-07-04 18:09:26,953 - H|160
2019-07-04 18:09:46,953 - H|161
2019-07-04 18:10:00,005 - watchHeart W|54
2019-07-04 18:10:06,952 - H|162
2019-07-04 18:10:26,953 - H|163
2019-07-04 18:10:46,954 - H|164
2019-07-04 18:11:00,003 - watchHeart W|55
2019-07-04 18:11:06,954 - H|165
2019-07-04 18:11:26,955 - H|166
2019-07-04 18:11:46,955 - H|167
2019-07-04 18:12:00,003 - watchHeart W|56
2019-07-04 18:12:06,956 - H|168
2019-07-04 18:12:26,956 - H|169
2019-07-04 18:12:46,956 - H|170
2019-07-04 18:13:00,004 - watchHeart W|57
2019-07-04 18:13:06,957 - H|171
2019-07-04 18:13:26,957 - H|172
2019-07-04 18:13:46,958 - H|173
2019-07-04 18:14:00,003 - watchHeart W|58
2019-07-04 18:14:06,959 - H|174
2019-07-04 18:14:26,960 - H|175
2019-07-04 18:14:46,960 - H|176
2019-07-04 18:15:00,005 - watchHeart W|59
2019-07-04 18:15:06,962 - H|177
2019-07-04 18:15:26,962 - H|178
2019-07-04 18:15:46,962 - H|179
2019-07-04 18:16:00,005 - watchHeart W|60
2019-07-04 18:16:06,963 - H|180
2019-07-04 18:16:26,963 - H|181
2019-07-04 18:16:46,964 - H|182
2019-07-04 18:17:00,003 - watchHeart W|61
2019-07-04 18:17:06,964 - H|183
2019-07-04 18:17:26,964 - H|184
2019-07-04 18:17:46,966 - H|185
2019-07-04 18:18:00,001 - watchHeart W|62
2019-07-04 18:18:06,966 - H|186
2019-07-04 18:18:26,966 - H|187
2019-07-04 18:18:46,966 - H|188
2019-07-04 18:19:00,006 - watchHeart W|63
2019-07-04 18:19:06,967 - H|189
2019-07-04 18:19:26,967 - H|190
2019-07-04 18:19:46,968 - H|191
2019-07-04 18:20:00,002 - watchHeart W|64
2019-07-04 18:20:06,968 - H|192
2019-07-04 18:20:26,968 - H|193
2019-07-04 18:20:46,969 - H|194
2019-07-04 18:21:00,002 - watchHeart W|65
2019-07-04 18:21:06,970 - H|195
2019-07-04 18:21:26,969 - H|196
2019-07-04 18:21:46,971 - H|197
2019-07-04 18:22:00,003 - watchHeart W|66
2019-07-04 18:22:06,971 - H|198
2019-07-04 18:22:26,971 - H|199
2019-07-04 18:22:46,973 - H|200
2019-07-04 18:23:00,004 - watchHeart W|67
2019-07-04 18:23:06,974 - H|201
2019-07-04 18:23:26,974 - H|202
2019-07-04 18:23:46,975 - H|203
2019-07-04 18:24:00,004 - watchHeart W|68
2019-07-04 18:24:06,975 - H|204
2019-07-04 18:24:26,976 - H|205
2019-07-04 18:24:46,976 - H|206
2019-07-04 18:25:00,002 - watchHeart W|69
2019-07-04 18:25:06,977 - H|207
2019-07-04 18:25:26,977 - H|208
2019-07-04 18:25:46,978 - H|209
2019-07-04 18:26:00,004 - watchHeart W|70
2019-07-04 18:26:06,978 - H|210
2019-07-04 18:26:26,979 - H|211
2019-07-04 18:26:46,980 - H|212
2019-07-04 18:27:00,003 - watchHeart W|71
2019-07-04 18:27:06,981 - H|213
2019-07-04 18:27:26,980 - H|214
2019-07-04 18:27:46,981 - H|215
2019-07-04 18:28:00,002 - watchHeart W|72
2019-07-04 18:28:06,983 - H|216
2019-07-04 18:28:26,982 - H|217
2019-07-04 18:28:46,983 - H|218
2019-07-04 18:29:00,005 - watchHeart W|73
2019-07-04 18:29:06,984 - H|219
2019-07-04 18:29:26,984 - H|220
2019-07-04 18:29:46,985 - H|221
2019-07-04 18:30:00,002 - watchHeart W|74
2019-07-04 18:30:06,985 - H|222
2019-07-04 18:30:26,985 - H|223
2019-07-04 18:30:46,985 - H|224
2019-07-04 18:31:00,005 - watchHeart W|75
2019-07-04 18:31:06,986 - H|225
2019-07-04 18:31:26,987 - H|226
2019-07-04 18:31:46,987 - H|227
2019-07-04 18:32:00,006 - watchHeart W|76
2019-07-04 18:32:06,989 - H|228
2019-07-04 18:32:26,990 - H|229
2019-07-04 18:32:46,991 - H|230
2019-07-04 18:33:00,004 - watchHeart W|77
2019-07-04 18:33:06,990 - H|231
2019-07-04 18:33:26,991 - H|232
2019-07-04 18:33:46,993 - H|233
2019-07-04 18:34:00,004 - watchHeart W|78
2019-07-04 18:34:06,993 - H|234
2019-07-04 18:34:26,993 - H|235
2019-07-04 18:34:46,993 - H|236
2019-07-04 18:35:00,003 - watchHeart W|79
2019-07-04 18:35:06,993 - H|237
2019-07-04 18:35:26,994 - H|238
2019-07-04 18:35:46,995 - H|239
2019-07-04 18:36:00,006 - watchHeart W|80
2019-07-04 18:36:06,996 - H|240
2019-07-04 18:36:26,996 - H|241
2019-07-04 18:36:46,997 - H|242
2019-07-04 18:37:00,004 - watchHeart W|81
2019-07-04 18:37:06,996 - H|243
2019-07-04 18:37:26,997 - H|244
2019-07-04 18:37:46,997 - H|245
2019-07-04 18:38:00,005 - watchHeart W|82
2019-07-04 18:38:06,999 - H|246
2019-07-04 18:38:27,000 - H|247
2019-07-04 18:38:47,000 - H|248
2019-07-04 18:39:00,005 - watchHeart W|83
2019-07-04 18:39:07,001 - H|249
2019-07-04 18:39:27,000 - H|250
2019-07-04 18:39:47,000 - H|251
2019-07-04 18:40:00,003 - watchHeart W|84
2019-07-04 18:40:07,000 - H|252
2019-07-04 18:40:27,001 - H|253
2019-07-04 18:40:47,003 - H|254
2019-07-04 18:41:00,004 - watchHeart W|85
2019-07-04 18:41:07,003 - H|255
2019-07-04 18:41:27,003 - H|256
2019-07-04 18:41:47,003 - H|257
2019-07-04 18:42:00,004 - watchHeart W|86
2019-07-04 18:42:07,003 - H|258
2019-07-04 18:42:27,003 - H|259
2019-07-04 18:42:47,005 - H|260
2019-07-04 18:43:00,001 - watchHeart W|87
2019-07-04 18:43:07,005 - H|261
2019-07-04 18:43:27,005 - H|262
2019-07-04 18:43:47,006 - H|263
2019-07-04 18:44:00,002 - watchHeart W|88
2019-07-04 18:44:07,007 - H|264
2019-07-04 18:44:27,006 - H|265
2019-07-04 18:44:47,006 - H|266
2019-07-04 18:45:00,005 - watchHeart W|89
2019-07-04 18:45:07,007 - H|267
2019-07-04 18:45:27,007 - H|268
2019-07-04 18:45:47,008 - H|269
2019-07-04 18:46:00,005 - watchHeart W|90
2019-07-04 18:46:07,008 - H|270
2019-07-04 18:46:27,010 - H|271
2019-07-04 18:46:47,011 - H|272
2019-07-04 18:47:00,006 - watchHeart W|91
2019-07-04 18:47:07,011 - H|273
2019-07-04 18:47:27,011 - H|274
2019-07-04 18:47:47,012 - H|275
2019-07-04 18:48:00,005 - watchHeart W|92
2019-07-04 18:48:07,013 - H|276
2019-07-04 18:48:27,013 - H|277
2019-07-04 18:48:47,013 - H|278
2019-07-04 18:49:00,005 - watchHeart W|93
2019-07-04 18:49:07,014 - H|279
2019-07-04 18:49:27,014 - H|280
2019-07-04 18:49:47,015 - H|281
2019-07-04 18:50:00,005 - watchHeart W|94
2019-07-04 18:50:07,015 - H|282
2019-07-04 18:50:27,016 - H|283
2019-07-04 18:50:47,016 - H|284
2019-07-04 18:51:00,005 - watchHeart W|95
2019-07-04 18:51:07,017 - H|285
2019-07-04 18:51:27,018 - H|286
2019-07-05 08:51:03,118 - connect to 193.112.167.225:11111, C|1
2019-07-05 08:51:03,561 - LOGIN_BEGIN:008
2019-07-05 08:51:03,660 - LOGIN_SUCCESS:008
2019-07-05 08:51:23,681 - H|1
2019-07-05 08:51:43,663 - H|2
2019-07-05 08:52:00,015 - watchHeart W|1
2019-07-05 08:52:03,664 - H|3
2019-07-05 08:52:23,663 - H|4
2019-07-05 08:52:43,663 - H|5
2019-07-05 08:53:00,005 - watchHeart W|2
2019-07-05 08:53:03,664 - H|6
2019-07-05 08:53:23,665 - H|7
2019-07-05 08:53:43,664 - H|8
2019-07-05 08:54:00,001 - watchHeart W|3
2019-07-05 08:54:03,664 - H|9
2019-07-05 08:54:23,664 - H|10
2019-07-05 08:54:43,665 - H|11
2019-07-05 08:55:00,005 - watchHeart W|4
2019-07-05 08:55:03,666 - H|12
2019-07-05 08:55:23,667 - H|13
2019-07-05 08:55:43,668 - H|14
2019-07-05 08:56:00,004 - watchHeart W|5
2019-07-05 08:56:03,667 - H|15
2019-07-05 08:56:23,668 - H|16
2019-07-05 08:56:43,669 - H|17
2019-07-05 08:57:00,003 - watchHeart W|6
2019-07-05 08:57:03,670 - H|18
2019-07-05 08:57:23,670 - H|19
2019-07-05 08:57:43,671 - H|20
2019-07-05 08:58:00,001 - watchHeart W|7
2019-07-05 08:58:03,671 - H|21
2019-07-05 08:58:23,672 - H|22
2019-07-05 08:58:43,672 - H|23
2019-07-05 08:59:00,004 - watchHeart W|8
2019-07-05 08:59:03,673 - H|24
2019-07-05 08:59:23,673 - H|25
2019-07-05 08:59:43,699 - H|26
2019-07-05 09:00:00,021 - watchHeart W|9
2019-07-05 09:00:03,674 - H|27
2019-07-05 09:00:23,719 - H|28
2019-07-05 09:00:43,674 - H|29
2019-07-05 09:01:00,017 - watchHeart W|10
2019-07-05 09:01:03,675 - H|30
2019-07-05 09:01:23,723 - H|31
2019-07-05 09:01:43,721 - H|32
2019-07-05 09:02:00,031 - watchHeart W|11
2019-07-05 09:02:03,676 - H|33
2019-07-05 09:02:23,715 - H|34
2019-07-05 09:02:43,739 - H|35
2019-07-05 09:03:00,043 - watchHeart W|12
2019-07-05 09:03:03,677 - H|36
2019-07-05 09:03:23,702 - H|37
2019-07-05 09:03:43,704 - H|38
2019-07-05 09:04:00,016 - watchHeart W|13
2019-07-05 09:04:03,679 - H|39
2019-07-05 09:04:23,680 - H|40
2019-07-05 09:04:43,680 - H|41
2019-07-05 09:05:00,005 - watchHeart W|14
2019-07-05 09:05:03,681 - H|42
2019-07-05 09:05:23,681 - H|43
2019-07-05 09:05:43,681 - H|44
2019-07-05 09:06:00,044 - watchHeart W|15
2019-07-05 09:06:03,682 - H|45
2019-07-05 09:06:23,682 - H|46
2019-07-05 09:06:43,683 - H|47
2019-07-05 09:07:00,006 - watchHeart W|16
2019-07-05 09:07:03,683 - H|48
2019-07-05 09:07:23,684 - H|49
2019-07-05 09:07:43,685 - H|50
2019-07-05 09:08:00,003 - watchHeart W|17
2019-07-05 09:08:03,686 - H|51
2019-07-05 09:08:23,685 - H|52
2019-07-05 09:08:43,703 - H|53
2019-07-05 09:09:00,016 - watchHeart W|18
2019-07-05 09:09:03,685 - H|54
2019-07-05 09:09:23,686 - H|55
2019-07-05 09:09:43,686 - H|56
2019-07-05 09:10:00,003 - watchHeart W|19
2019-07-05 09:10:03,687 - H|57
2019-07-05 09:10:23,715 - H|58
2019-07-05 09:10:43,687 - H|59
2019-07-05 09:11:00,305 - watchHeart W|20
2019-07-05 09:11:03,688 - H|60
2019-07-05 09:11:23,708 - H|61
2019-07-05 09:11:43,708 - H|62
2019-07-05 09:12:00,004 - watchHeart W|21
2019-07-05 09:12:03,688 - H|63
2019-07-05 09:12:23,689 - H|64
2019-07-05 09:12:43,689 - H|65
2019-07-05 09:13:00,002 - watchHeart W|22
2019-07-05 09:13:03,689 - H|66
2019-07-05 09:13:23,689 - H|67
2019-07-05 09:13:43,690 - H|68
2019-07-05 09:14:00,004 - watchHeart W|23
2019-07-05 09:14:03,690 - H|69
2019-07-05 09:14:23,691 - H|70
2019-07-05 09:14:43,691 - H|71
2019-07-05 09:15:00,035 - watchHeart W|24
2019-07-05 09:15:03,691 - H|72
2019-07-05 09:15:23,692 - H|73
2019-07-05 09:15:43,693 - H|74
2019-07-05 09:16:00,005 - watchHeart W|25
2019-07-05 09:16:03,692 - H|75
2019-07-05 09:16:23,692 - H|76
2019-07-05 09:16:43,693 - H|77
2019-07-05 09:17:00,005 - watchHeart W|26
2019-07-05 09:17:03,693 - H|78
2019-07-05 09:17:23,693 - H|79
2019-07-05 09:17:43,694 - H|80
2019-07-05 09:18:00,005 - watchHeart W|27
2019-07-05 09:18:03,695 - H|81
2019-07-05 09:18:23,696 - H|82
2019-07-05 09:18:43,697 - H|83
2019-07-05 09:19:00,006 - watchHeart W|28
2019-07-05 09:19:03,697 - H|84
2019-07-05 09:19:23,698 - H|85
2019-07-05 09:19:43,699 - H|86
2019-07-05 09:20:00,004 - watchHeart W|29
2019-07-05 09:20:03,699 - H|87
2019-07-05 09:20:23,700 - H|88
2019-07-05 09:20:43,701 - H|89
2019-07-05 09:21:00,003 - watchHeart W|30
2019-07-05 09:21:03,701 - H|90
2019-07-05 09:21:23,701 - H|91
2019-07-05 09:21:43,702 - H|92
2019-07-05 09:22:00,005 - watchHeart W|31
2019-07-05 09:22:03,703 - H|93
2019-07-05 09:22:23,703 - H|94
2019-07-05 09:22:43,704 - H|95
2019-07-05 09:23:00,005 - watchHeart W|32
2019-07-05 09:23:03,704 - H|96
2019-07-05 09:23:23,704 - H|97
2019-07-05 09:23:43,705 - H|98
2019-07-05 09:24:00,006 - watchHeart W|33
2019-07-05 09:24:03,705 - H|99
2019-07-05 09:24:23,707 - H|100
2019-07-05 09:24:43,708 - H|101
2019-07-05 09:25:00,005 - watchHeart W|34
2019-07-05 09:25:03,708 - H|102
2019-07-05 09:25:23,716 - H|103
2019-07-05 09:25:43,708 - H|104
2019-07-05 09:26:00,005 - watchHeart W|35
2019-07-05 09:26:03,709 - H|105
2019-07-05 09:26:23,709 - H|106
2019-07-05 09:26:43,710 - H|107
2019-07-05 09:27:00,004 - watchHeart W|36
2019-07-05 09:27:03,711 - H|108
2019-07-05 09:27:23,711 - H|109
2019-07-05 09:27:43,712 - H|110
2019-07-05 09:28:00,006 - watchHeart W|37
2019-07-05 09:28:03,713 - H|111
2019-07-05 09:28:23,714 - H|112
2019-07-05 09:28:43,714 - H|113
2019-07-05 09:29:00,005 - watchHeart W|38
2019-07-05 09:29:03,715 - H|114
2019-07-05 09:29:23,715 - H|115
2019-07-05 09:29:43,716 - H|116
2019-07-05 09:30:00,004 - watchHeart W|39
2019-07-05 09:30:03,717 - H|117
2019-07-05 09:30:23,718 - H|118
2019-07-05 09:30:43,719 - H|119
2019-07-05 09:31:00,002 - watchHeart W|40
2019-07-05 09:31:03,720 - H|120
2019-07-05 09:31:23,721 - H|121
2019-07-05 09:31:43,721 - H|122
2019-07-05 09:32:00,005 - watchHeart W|41
2019-07-05 09:32:03,722 - H|123
2019-07-05 09:32:23,722 - H|124
2019-07-05 09:32:43,722 - H|125
2019-07-05 09:33:00,004 - watchHeart W|42
2019-07-05 09:33:03,723 - H|126
2019-07-05 09:33:23,724 - H|127
2019-07-05 09:33:43,723 - H|128
2019-07-05 09:34:00,004 - watchHeart W|43
2019-07-05 09:34:03,724 - H|129
2019-07-05 09:34:23,725 - H|130
2019-07-05 09:34:43,726 - H|131
2019-07-05 09:35:00,004 - watchHeart W|44
2019-07-05 09:35:03,727 - H|132
2019-07-05 09:35:23,727 - H|133
2019-07-05 09:35:43,727 - H|134
2019-07-05 09:36:00,004 - watchHeart W|45
2019-07-05 09:36:03,729 - H|135
2019-07-05 09:36:23,730 - H|136
2019-07-05 09:36:43,730 - H|137
2019-07-05 09:37:00,002 - watchHeart W|46
2019-07-05 09:37:03,731 - H|138
2019-07-05 09:37:23,731 - H|139
2019-07-05 09:37:43,732 - H|140
2019-07-05 09:38:00,005 - watchHeart W|47
2019-07-05 09:38:03,733 - H|141
2019-07-05 09:38:23,734 - H|142
2019-07-05 09:38:43,735 - H|143
2019-07-05 09:39:00,005 - watchHeart W|48
2019-07-05 09:39:03,735 - H|144
2019-07-05 09:39:23,735 - H|145
2019-07-05 09:39:43,735 - H|146
2019-07-05 09:40:00,006 - watchHeart W|49
2019-07-05 09:40:03,735 - H|147
2019-07-05 09:40:23,736 - H|148
2019-07-05 09:40:43,737 - H|149
2019-07-05 09:41:00,005 - watchHeart W|50
2019-07-05 09:41:03,738 - H|150
2019-07-05 14:48:03,740 - connect to 193.112.167.225:11111, C|1
2019-07-05 14:48:03,975 - LOGIN_BEGIN:008
2019-07-05 14:48:04,031 - LOGIN_SUCCESS:008
2019-07-05 14:48:24,047 - H|1
2019-07-05 14:48:44,034 - H|2
2019-07-05 14:49:00,007 - watchHeart W|1
2019-07-05 14:49:04,034 - H|3
2019-07-05 14:49:24,035 - H|4
2019-07-05 14:49:44,036 - H|5
2019-07-05 14:50:00,005 - watchHeart W|2
2019-07-05 14:50:04,036 - H|6
2019-07-05 14:50:24,036 - H|7
2019-07-05 14:50:44,038 - H|8
2019-07-05 14:51:00,005 - watchHeart W|3
2019-07-05 14:51:04,038 - H|9
2019-07-05 14:51:24,038 - H|10
2019-07-05 14:51:44,038 - H|11
2019-07-05 14:52:00,006 - watchHeart W|4
2019-07-05 14:52:04,038 - H|12
2019-07-05 14:52:24,038 - H|13
2019-07-05 14:52:44,039 - H|14
2019-07-05 14:53:00,005 - watchHeart W|5
2019-07-05 14:53:04,039 - H|15
2019-07-05 14:53:24,041 - H|16
2019-07-05 14:53:44,040 - H|17
2019-07-05 14:54:28,405 - watchHeart W|6
2019-07-05 14:54:32,444 - H|18
2019-07-05 14:54:52,444 - H|19
2019-07-05 14:55:00,001 - watchHeart W|7
2019-07-05 14:55:12,445 - H|20
2019-07-05 14:55:32,445 - H|21
2019-07-05 14:55:52,445 - H|22
2019-07-05 14:56:00,004 - watchHeart W|8
2019-07-05 14:56:12,444 - H|23
2019-07-05 14:56:32,446 - H|24
2019-07-05 14:56:52,446 - H|25
2019-07-05 14:57:00,002 - watchHeart W|9
2019-07-05 14:57:12,446 - H|26
2019-07-05 14:57:32,447 - H|27
2019-07-05 14:57:52,534 - H|28
2019-07-05 14:58:00,361 - watchHeart W|10
2019-07-05 14:58:12,447 - H|29
2019-07-05 14:58:32,449 - H|30
2019-07-05 14:58:52,449 - H|31
2019-07-05 14:59:00,006 - watchHeart W|11
2019-07-05 14:59:12,449 - H|32
2019-07-05 14:59:32,449 - H|33
2019-07-05 14:59:52,450 - H|34
2019-07-05 15:00:00,125 - watchHeart W|12
2019-07-05 15:00:12,494 - H|35
2019-07-05 15:00:32,496 - H|36
2019-07-05 15:00:52,452 - H|37
2019-07-05 15:01:00,003 - watchHeart W|13
2019-07-05 15:01:12,453 - H|38
2019-07-05 15:01:32,454 - H|39
2019-07-05 15:01:52,453 - H|40
2019-07-05 15:02:00,005 - watchHeart W|14
2019-07-05 15:02:12,454 - H|41
2019-07-05 15:02:32,454 - H|42
2019-07-05 15:02:52,455 - H|43
2019-07-05 15:03:00,006 - watchHeart W|15
2019-07-05 15:03:12,455 - H|44
2019-07-05 15:03:32,456 - H|45
2019-07-05 15:03:52,457 - H|46
2019-07-05 15:04:00,006 - watchHeart W|16
2019-07-05 15:04:12,457 - H|47
2019-07-05 15:04:32,458 - H|48
2019-07-05 15:04:52,458 - H|49
2019-07-05 15:05:00,005 - watchHeart W|17
2019-07-05 15:05:12,459 - H|50
2019-07-05 15:05:32,459 - H|51
2019-07-05 15:05:52,487 - H|52
2019-07-05 15:06:00,136 - watchHeart W|18
2019-07-05 15:06:12,483 - H|53
2019-07-05 15:06:32,488 - H|54
2019-07-05 15:06:52,461 - H|55
2019-07-05 15:07:00,104 - watchHeart W|19
2019-07-05 15:07:12,499 - H|56
2019-07-05 15:07:32,462 - H|57
2019-07-05 15:07:52,488 - H|58
2019-07-05 15:08:00,017 - watchHeart W|20
2019-07-05 15:08:12,462 - H|59
2019-07-05 15:08:32,462 - H|60
2019-07-05 15:08:52,499 - H|61
2019-07-05 15:09:00,030 - watchHeart W|21
2019-07-05 15:09:12,499 - H|62
2019-07-05 15:09:32,464 - H|63
2019-07-05 15:09:52,464 - H|64
2019-07-05 15:10:00,017 - watchHeart W|22
2019-07-05 15:10:12,465 - H|65
2019-07-05 15:10:32,466 - H|66
2019-07-05 15:10:52,467 - H|67
2019-07-05 15:11:00,003 - watchHeart W|23
2019-07-05 15:11:12,467 - H|68
2019-07-05 15:11:32,499 - H|69
2019-07-05 15:11:52,494 - H|70
2019-07-05 15:12:00,087 - watchHeart W|24
2019-07-05 15:12:12,469 - H|71
2019-07-05 15:12:32,469 - H|72
2019-07-05 15:12:52,469 - H|73
2019-07-05 15:13:00,004 - watchHeart W|25
2019-07-05 15:13:12,469 - H|74
2019-07-05 15:13:32,469 - H|75
2019-07-05 15:13:52,470 - H|76
2019-07-05 15:14:00,006 - watchHeart W|26
2019-07-05 15:14:12,471 - H|77
2019-07-05 15:14:32,472 - H|78
2019-07-05 15:14:52,473 - H|79
2019-07-05 15:15:00,002 - watchHeart W|27
2019-07-05 15:15:12,474 - H|80
2019-07-05 15:15:32,474 - H|81
2019-07-05 15:15:52,475 - H|82
2019-07-05 15:16:00,005 - watchHeart W|28
2019-07-05 15:16:12,475 - H|83
2019-07-05 15:16:32,476 - H|84
2019-07-05 15:16:52,475 - H|85
2019-07-05 15:17:00,005 - watchHeart W|29
2019-07-05 15:17:12,476 - H|86
2019-07-05 15:17:32,475 - H|87
2019-07-05 15:17:52,475 - H|88
2019-07-05 15:18:00,003 - watchHeart W|30
2019-07-05 15:18:12,477 - H|89
2019-07-05 15:18:32,477 - H|90
2019-07-05 15:18:52,478 - H|91
2019-07-05 15:19:00,005 - watchHeart W|31
2019-07-05 15:19:12,478 - H|92
2019-07-05 15:23:44,675 - connect to 193.112.167.225:11111, C|1
2019-07-05 15:23:44,911 - LOGIN_BEGIN:008
2019-07-05 15:23:44,971 - LOGIN_SUCCESS:008
2019-07-05 15:24:00,006 - watchHeart W|1
2019-07-05 15:24:04,977 - H|1
2019-07-05 15:24:24,972 - H|2
2019-07-05 15:24:44,973 - H|3
2019-07-05 15:25:00,005 - watchHeart W|2
2019-07-05 15:25:04,973 - H|4
2019-07-05 15:25:24,974 - H|5
2019-07-05 15:25:45,044 - H|6
2019-07-05 15:26:00,401 - watchHeart W|3
2019-07-05 15:26:04,977 - H|7
2019-07-05 15:26:24,977 - H|8
2019-07-05 15:26:44,979 - H|9
2019-07-05 15:27:00,006 - watchHeart W|4
2019-07-05 15:27:04,978 - H|10
2019-07-05 15:27:24,978 - H|11
2019-07-05 15:27:45,021 - H|12
2019-07-05 15:28:00,158 - watchHeart W|5
2019-07-05 15:28:04,980 - H|13
2019-07-05 15:28:24,980 - H|14
2019-07-05 15:28:44,981 - H|15
2019-07-05 15:29:00,005 - watchHeart W|6
2019-07-05 15:29:04,981 - H|16
2019-07-05 15:29:24,981 - H|17
2019-07-05 15:29:44,981 - H|18
2019-07-05 15:30:00,004 - watchHeart W|7
2019-07-05 15:30:04,982 - H|19
2019-07-05 15:30:24,983 - H|20
2019-07-05 15:30:44,983 - H|21
2019-07-05 15:31:00,027 - watchHeart W|8
2019-07-05 15:31:04,983 - H|22
2019-07-05 15:31:32,433 - connect to 193.112.167.225:11111, C|1
2019-07-05 15:31:32,676 - LOGIN_BEGIN:008
2019-07-05 15:31:32,757 - LOGIN_SUCCESS:008
2019-07-05 15:31:52,763 - H|1
2019-07-05 15:32:00,002 - watchHeart W|1
2019-07-05 15:32:12,809 - H|2
2019-07-05 15:32:32,810 - H|3
2019-07-05 15:32:52,795 - H|4
2019-07-05 15:33:00,369 - watchHeart W|2
2019-07-05 15:33:12,800 - H|5
2019-07-05 15:33:32,789 - H|6
2019-07-05 15:33:52,761 - H|7
2019-07-05 15:34:00,017 - watchHeart W|3
2019-07-05 15:34:12,785 - H|8
2019-07-05 15:34:32,786 - H|9
2019-07-05 15:34:52,763 - H|10
2019-07-05 15:35:00,142 - watchHeart W|4
2019-07-05 15:35:12,787 - H|11
2019-07-05 15:35:32,763 - H|12
2019-07-05 15:35:52,787 - H|13
2019-07-05 15:36:00,106 - watchHeart W|5
2019-07-05 15:36:12,783 - H|14
2019-07-05 15:36:32,764 - H|15
2019-07-05 15:36:52,764 - H|16
2019-07-05 15:37:00,006 - watchHeart W|6
2019-07-05 15:37:12,766 - H|17
2019-07-05 15:37:32,765 - H|18
2019-07-05 15:37:52,766 - H|19
2019-07-05 15:38:00,004 - watchHeart W|7
2019-07-05 15:38:12,767 - H|20
2019-07-05 15:38:32,766 - H|21
2019-07-05 15:38:52,767 - H|22
2019-07-05 15:39:00,003 - watchHeart W|8
2019-07-05 15:39:12,767 - H|23
2019-07-05 15:39:32,766 - H|24
2019-07-05 15:39:52,767 - H|25
2019-07-05 15:40:00,001 - watchHeart W|9
2019-07-05 15:40:12,767 - H|26
2019-07-05 15:40:32,768 - H|27
2019-07-05 15:40:52,768 - H|28
2019-07-05 15:41:00,003 - watchHeart W|10
2019-07-05 15:41:12,769 - H|29
2019-07-05 15:41:32,770 - H|30
2019-07-05 15:41:52,770 - H|31
2019-07-05 15:42:00,002 - watchHeart W|11
2019-07-05 15:42:12,770 - H|32
2019-07-05 15:42:32,770 - H|33
2019-07-05 15:42:52,770 - H|34
2019-07-05 15:43:00,005 - watchHeart W|12
2019-07-05 15:43:12,775 - H|35
2019-07-05 15:43:32,772 - H|36
2019-07-05 15:43:52,773 - H|37
2019-07-05 15:44:00,004 - watchHeart W|13
2019-07-05 15:44:12,774 - H|38
2019-07-05 15:44:32,775 - H|39
2019-07-05 15:44:52,775 - H|40
2019-07-05 15:45:00,006 - watchHeart W|14
2019-07-05 15:45:12,775 - H|41
2019-07-05 15:45:32,801 - H|42
2019-07-05 15:45:52,776 - H|43
2019-07-05 15:46:00,020 - watchHeart W|15
2019-07-05 15:46:12,777 - H|44
2019-07-05 15:46:32,777 - H|45
2019-07-05 15:46:52,777 - H|46
2019-07-05 15:47:00,003 - watchHeart W|16
2019-07-05 15:47:12,778 - H|47
2019-07-05 15:47:32,778 - H|48
2019-07-05 15:47:52,798 - H|49
2019-07-05 15:48:00,003 - watchHeart W|17
2019-07-05 15:48:12,780 - H|50
2019-07-05 15:48:32,781 - H|51
2019-07-05 15:48:52,815 - H|52
2019-07-05 15:49:00,016 - watchHeart W|18
2019-07-05 15:49:12,781 - H|53
2019-07-05 15:49:32,782 - H|54
2019-07-05 15:49:52,783 - H|55
2019-07-05 15:50:00,002 - watchHeart W|19
2019-07-05 15:50:12,783 - H|56
2019-07-05 15:50:32,784 - H|57
2019-07-05 15:50:52,784 - H|58
2019-07-05 15:51:00,004 - watchHeart W|20
2019-07-05 15:51:12,784 - H|59
2019-07-05 15:51:32,785 - H|60
2019-07-05 15:51:52,785 - H|61
2019-07-05 15:52:00,004 - watchHeart W|21
2019-07-05 15:52:12,786 - H|62
2019-07-05 15:52:32,786 - H|63
2019-07-05 15:52:52,786 - H|64
2019-07-05 15:53:00,005 - watchHeart W|22
2019-07-05 15:53:12,787 - H|65
2019-07-05 15:53:32,788 - H|66
2019-07-05 15:53:52,788 - H|67
2019-07-05 15:54:00,003 - watchHeart W|23
2019-07-05 15:54:12,789 - H|68
2019-07-05 15:54:32,821 - H|69
2019-07-05 15:54:52,790 - H|70
2019-07-05 15:55:00,098 - watchHeart W|24
2019-07-05 15:55:12,789 - H|71
2019-07-05 15:55:32,789 - H|72
2019-07-05 15:55:52,790 - H|73
2019-07-05 15:56:00,005 - watchHeart W|25
2019-07-05 15:56:12,791 - H|74
2019-07-05 15:56:32,792 - H|75
2019-07-05 15:56:52,792 - H|76
2019-07-05 15:57:00,002 - watchHeart W|26
2019-07-05 15:57:12,794 - H|77
2019-07-05 15:57:32,794 - H|78
2019-07-05 15:57:52,796 - H|79
2019-07-05 15:58:00,005 - watchHeart W|27
2019-07-05 15:58:12,795 - H|80
2019-07-05 15:58:32,797 - H|81
2019-07-05 15:58:52,797 - H|82
2019-07-05 15:59:00,005 - watchHeart W|28
2019-07-05 15:59:12,797 - H|83
2019-07-05 15:59:32,797 - H|84
2019-07-05 15:59:52,798 - H|85
2019-07-05 16:00:00,004 - watchHeart W|29
2019-07-05 16:00:12,798 - H|86
2019-07-05 16:00:32,798 - H|87
2019-07-05 16:00:52,799 - H|88
2019-07-05 16:01:00,005 - watchHeart W|30
2019-07-05 16:01:12,799 - H|89
2019-07-05 16:01:32,800 - H|90
2019-07-05 16:01:52,800 - H|91
2019-07-05 16:02:00,002 - watchHeart W|31
2019-07-05 16:02:12,800 - H|92
2019-07-05 16:02:32,802 - H|93
2019-07-05 16:02:52,802 - H|94
2019-07-05 16:03:00,004 - watchHeart W|32
2019-07-05 16:03:12,802 - H|95
2019-07-05 16:03:32,803 - H|96
2019-07-05 16:03:52,803 - H|97
2019-07-05 16:04:00,005 - watchHeart W|33
2019-07-05 16:04:12,803 - H|98
2019-07-05 16:04:32,804 - H|99
2019-07-05 16:04:52,805 - H|100
2019-07-05 16:05:00,002 - watchHeart W|34
2019-07-05 16:05:12,804 - H|101
2019-07-05 16:05:32,805 - H|102
2019-07-05 16:05:52,806 - H|103
2019-07-05 16:06:00,005 - watchHeart W|35
2019-07-05 16:06:12,807 - H|104
2019-07-05 16:06:32,806 - H|105
2019-07-05 16:06:52,807 - H|106
2019-07-05 16:07:00,005 - watchHeart W|36
2019-07-05 16:07:12,807 - H|107
2019-07-05 16:07:32,808 - H|108
2019-07-05 16:07:52,808 - H|109
2019-07-05 16:08:00,002 - watchHeart W|37
2019-07-05 16:08:12,808 - H|110
2019-07-05 16:08:32,809 - H|111
2019-07-05 16:08:52,809 - H|112
2019-07-05 16:09:00,004 - watchHeart W|38
2019-07-05 16:09:12,809 - H|113
2019-07-05 16:09:32,810 - H|114
2019-07-05 16:09:52,810 - H|115
2019-07-05 16:10:00,003 - watchHeart W|39
2019-07-05 16:10:12,811 - H|116
2019-07-05 16:10:32,811 - H|117
2019-07-05 16:10:52,811 - H|118
2019-07-05 16:11:00,005 - watchHeart W|40
2019-07-05 16:11:12,812 - H|119
2019-07-05 16:11:32,812 - H|120
2019-07-05 16:11:52,814 - H|121
2019-07-05 16:12:00,003 - watchHeart W|41
2019-07-05 16:12:12,814 - H|122
2019-07-05 16:12:32,814 - H|123
2019-07-05 16:12:52,815 - H|124
2019-07-05 16:13:00,002 - watchHeart W|42
2019-07-05 16:13:12,816 - H|125
2019-07-05 16:13:32,817 - H|126
2019-07-05 16:13:52,817 - H|127
2019-07-05 16:14:00,002 - watchHeart W|43
2019-07-05 16:14:12,818 - H|128
2019-07-05 16:14:32,818 - H|129
2019-07-05 16:14:52,819 - H|130
2019-07-05 16:15:00,003 - watchHeart W|44
2019-07-05 16:15:12,819 - H|131
2019-07-05 16:15:32,819 - H|132
2019-07-05 16:15:52,819 - H|133
2019-07-05 16:16:00,004 - watchHeart W|45
2019-07-05 16:16:12,819 - H|134
2019-07-05 16:16:32,820 - H|135
2019-07-05 16:16:52,820 - H|136
2019-07-05 16:17:00,004 - watchHeart W|46
2019-07-05 16:17:12,821 - H|137
2019-07-05 16:17:32,821 - H|138
2019-07-05 16:17:52,822 - H|139
2019-07-05 16:18:00,003 - watchHeart W|47
2019-07-05 16:18:12,824 - H|140
2019-07-05 16:18:32,825 - H|141
2019-07-05 16:18:52,825 - H|142
2019-07-05 16:19:00,001 - watchHeart W|48
2019-07-05 16:19:12,826 - H|143
2019-07-05 16:19:32,827 - H|144
2019-07-05 16:19:52,826 - H|145
2019-07-05 16:20:00,005 - watchHeart W|49
2019-07-05 16:20:12,827 - H|146
2019-07-05 16:20:32,828 - H|147
2019-07-05 16:20:52,829 - H|148
2019-07-05 16:21:00,001 - watchHeart W|50
2019-07-05 16:21:12,829 - H|149
2019-07-05 16:21:32,830 - H|150
2019-07-05 16:21:52,830 - H|151
2019-07-05 16:22:00,005 - watchHeart W|51
2019-07-05 16:22:12,830 - H|152
2019-07-05 16:22:32,830 - H|153
2019-07-05 16:22:52,832 - H|154
2019-07-05 16:23:00,004 - watchHeart W|52
2019-07-05 16:23:12,832 - H|155
2019-07-05 16:23:32,832 - H|156
2019-07-05 16:23:52,833 - H|157
2019-07-05 16:24:00,002 - watchHeart W|53
2019-07-05 16:24:12,834 - H|158
2019-07-05 16:24:32,834 - H|159
2019-07-05 16:24:52,835 - H|160
2019-07-05 16:25:00,004 - watchHeart W|54
2019-07-05 16:25:12,836 - H|161
2019-07-05 16:25:32,836 - H|162
2019-07-05 16:25:52,836 - H|163
2019-07-05 16:26:00,002 - watchHeart W|55
2019-07-05 16:26:12,836 - H|164
2019-07-05 16:26:32,837 - H|165
2019-07-05 16:26:52,838 - H|166
2019-07-05 16:27:00,005 - watchHeart W|56
2019-07-05 16:27:12,837 - H|167
2019-07-05 16:27:32,838 - H|168
2019-07-05 16:27:52,840 - H|169
2019-07-05 16:28:00,003 - watchHeart W|57
2019-07-05 16:28:12,840 - H|170
2019-07-05 16:28:32,840 - H|171
2019-07-05 16:28:52,841 - H|172
2019-07-05 16:29:00,005 - watchHeart W|58
2019-07-05 16:29:12,842 - H|173
2019-07-05 16:29:32,843 - H|174
2019-07-05 16:29:52,845 - H|175
2019-07-05 16:30:00,004 - watchHeart W|59
2019-07-05 16:30:12,844 - H|176
2019-07-05 16:30:32,844 - H|177
2019-07-05 16:30:52,845 - H|178
2019-07-05 16:31:00,005 - watchHeart W|60
2019-07-05 16:31:12,845 - H|179
2019-07-05 16:31:32,845 - H|180
2019-07-05 16:31:52,846 - H|181
2019-07-05 16:32:00,004 - watchHeart W|61
2019-07-05 16:32:12,847 - H|182
2019-07-05 16:32:32,846 - H|183
2019-07-05 16:32:52,847 - H|184
2019-07-05 16:33:00,004 - watchHeart W|62
2019-07-05 16:33:12,846 - H|185
2019-07-05 16:33:32,847 - H|186
2019-07-05 16:33:52,847 - H|187
2019-07-05 16:34:00,005 - watchHeart W|63
2019-07-05 16:34:12,847 - H|188
2019-07-05 16:34:32,848 - H|189
2019-07-05 16:34:52,849 - H|190
2019-07-05 16:35:00,004 - watchHeart W|64
2019-07-05 16:35:12,849 - H|191
2019-07-05 16:35:32,849 - H|192
2019-07-05 16:35:52,850 - H|193
2019-07-05 16:36:00,005 - watchHeart W|65
2019-07-05 16:36:12,850 - H|194
2019-07-05 16:36:32,850 - H|195
2019-07-05 16:36:52,851 - H|196
2019-07-05 16:37:00,005 - watchHeart W|66
2019-07-05 16:37:12,851 - H|197
2019-07-05 16:37:32,853 - H|198
2019-07-05 16:37:52,853 - H|199
2019-07-05 16:38:00,003 - watchHeart W|67
2019-07-05 16:38:12,854 - H|200
2019-07-05 16:38:32,855 - H|201
2019-07-05 16:38:52,856 - H|202
2019-07-05 16:39:00,005 - watchHeart W|68
2019-07-05 16:39:12,857 - H|203
2019-07-05 16:39:32,857 - H|204
2019-07-05 16:39:52,859 - H|205
2019-07-05 16:40:00,002 - watchHeart W|69
2019-07-05 16:40:12,859 - H|206
2019-07-05 16:40:32,860 - H|207
2019-07-05 16:40:52,862 - H|208
2019-07-05 16:41:00,004 - watchHeart W|70
2019-07-05 16:41:12,862 - H|209
2019-07-05 16:41:32,864 - H|210
2019-07-05 16:41:52,864 - H|211
2019-07-05 16:42:00,005 - watchHeart W|71
2019-07-05 16:42:12,863 - H|212
2019-07-05 16:42:32,864 - H|213
2019-07-05 16:42:52,865 - H|214
2019-07-05 16:43:00,004 - watchHeart W|72
2019-07-05 16:43:12,865 - H|215
2019-07-05 16:43:32,866 - H|216
2019-07-05 16:43:52,866 - H|217
2019-07-05 16:44:00,005 - watchHeart W|73
2019-07-05 16:44:12,866 - H|218
2019-07-05 16:44:32,866 - H|219
2019-07-05 16:44:52,867 - H|220
2019-07-05 16:45:00,004 - watchHeart W|74
2019-07-05 16:45:12,867 - H|221
2019-07-05 16:45:32,867 - H|222
2019-07-05 16:45:52,868 - H|223
2019-07-05 16:46:00,005 - watchHeart W|75
2019-07-05 16:46:12,867 - H|224
2019-07-05 16:46:32,868 - H|225
2019-07-05 16:46:52,868 - H|226
2019-07-05 16:47:00,004 - watchHeart W|76
2019-07-05 16:47:12,868 - H|227
2019-07-05 16:47:32,868 - H|228
2019-07-05 16:47:52,869 - H|229
2019-07-05 16:48:00,003 - watchHeart W|77
2019-07-05 16:48:12,870 - H|230
2019-07-05 16:48:32,871 - H|231
2019-07-05 16:48:52,872 - H|232
2019-07-05 16:49:00,005 - watchHeart W|78
2019-07-05 16:49:12,873 - H|233
2019-07-05 16:49:32,873 - H|234
2019-07-05 16:49:52,874 - H|235
2019-07-05 16:50:00,005 - watchHeart W|79
2019-07-05 16:50:12,874 - H|236
2019-07-05 16:50:32,874 - H|237
2019-07-05 16:50:52,875 - H|238
2019-07-05 16:51:00,003 - watchHeart W|80
2019-07-05 16:51:12,876 - H|239
2019-07-05 16:51:32,876 - H|240
2019-07-05 16:51:52,877 - H|241
2019-07-05 16:52:00,004 - watchHeart W|81
2019-07-05 16:52:12,876 - H|242
2019-07-05 16:52:32,878 - H|243
2019-07-05 16:52:52,878 - H|244
2019-07-05 16:53:00,005 - watchHeart W|82
2019-07-05 16:53:12,879 - H|245
