2019-07-02 17:12:57,710 INFO  main (com.ppx.terminal.TerminalClient:50) - Starting TerminalClient on LAPTOP-OI83Q8E1 with PID 6612 (E:\eclipse-workspace-201809\terminal\target\classes started by LENOVO in E:\eclipse-workspace-201809\terminal)
2019-07-02 17:12:57,715 DEBUG main (com.ppx.terminal.TerminalClient:53) - Running with Spring Boot v2.1.5.RELEASE, Spring v5.1.7.RELEASE
2019-07-02 17:12:57,716 INFO  main (com.ppx.terminal.TerminalClient:679) - The following profiles are active: dev
2019-07-02 17:12:58,745 INFO  main (org.springframework.boot.web.embedded.tomcat.TomcatWebServer:90) - Tomcat initialized with port(s): 9010 (http)
2019-07-02 17:12:58,767 INFO  main (org.apache.coyote.http11.Http11NioProtocol:173) - Initializing ProtocolHandler ["http-nio-9010"]
2019-07-02 17:12:58,777 INFO  main (org.apache.catalina.core.StandardService:173) - Starting service [Tomcat]
2019-07-02 17:12:58,778 INFO  main (org.apache.catalina.core.StandardEngine:173) - Starting Servlet engine: [Apache Tomcat/9.0.19]
2019-07-02 17:12:58,882 INFO  main (org.apache.catalina.core.ContainerBase.[Tomcat].[localhost].[/]:173) - Initializing Spring embedded WebApplicationContext
2019-07-02 17:12:58,883 INFO  main (org.springframework.web.context.ContextLoader:296) - Root WebApplicationContext: initialization completed in 1133 ms
2019-07-02 17:12:59,129 INFO  main (org.springframework.scheduling.concurrent.ThreadPoolTaskExecutor:171) - Initializing ExecutorService 'applicationTaskExecutor'
2019-07-02 17:12:59,306 INFO  main (org.springframework.scheduling.concurrent.ThreadPoolTaskScheduler:171) - Initializing ExecutorService 'taskScheduler'
2019-07-02 17:12:59,338 INFO  main (org.apache.coyote.http11.Http11NioProtocol:173) - Starting ProtocolHandler ["http-nio-9010"]
2019-07-02 17:12:59,367 INFO  main (org.springframework.boot.web.embedded.tomcat.TomcatWebServer:204) - Tomcat started on port(s): 9010 (http) with context path ''
2019-07-02 17:12:59,370 INFO  main (com.ppx.terminal.TerminalClient:59) - Started TerminalClient in 1.94 seconds (JVM running for 2.624)
2019-07-02 17:12:59,661 INFO  nioEventLoopGroup-2-1 (com.ppx.terminal.netty.client.MyClientHandler:68) - Tue Jul 02 17:12:59 CST 2019:008:login
2019-07-02 17:22:13,221 INFO  nioEventLoopGroup-2-1 (com.ppx.terminal.netty.client.MyClientHandler:53) - execute command:OPEN_DOOR|00000001
2019-07-02 17:35:14,581 INFO  main (com.ppx.terminal.TerminalClient:50) - Starting TerminalClient on LAPTOP-OI83Q8E1 with PID 13648 (E:\eclipse-workspace-201809\terminal\target\classes started by LENOVO in E:\eclipse-workspace-201809\terminal)
2019-07-02 17:35:14,588 DEBUG main (com.ppx.terminal.TerminalClient:53) - Running with Spring Boot v2.1.5.RELEASE, Spring v5.1.7.RELEASE
2019-07-02 17:35:14,588 INFO  main (com.ppx.terminal.TerminalClient:679) - The following profiles are active: dev
2019-07-02 17:35:15,581 INFO  main (org.springframework.boot.web.embedded.tomcat.TomcatWebServer:90) - Tomcat initialized with port(s): 9010 (http)
2019-07-02 17:35:15,603 INFO  main (org.apache.coyote.http11.Http11NioProtocol:173) - Initializing ProtocolHandler ["http-nio-9010"]
2019-07-02 17:35:15,613 INFO  main (org.apache.catalina.core.StandardService:173) - Starting service [Tomcat]
2019-07-02 17:35:15,614 INFO  main (org.apache.catalina.core.StandardEngine:173) - Starting Servlet engine: [Apache Tomcat/9.0.19]
2019-07-02 17:35:15,711 INFO  main (org.apache.catalina.core.ContainerBase.[Tomcat].[localhost].[/]:173) - Initializing Spring embedded WebApplicationContext
2019-07-02 17:35:15,712 INFO  main (org.springframework.web.context.ContextLoader:296) - Root WebApplicationContext: initialization completed in 1057 ms
2019-07-02 17:35:15,950 INFO  main (org.springframework.scheduling.concurrent.ThreadPoolTaskExecutor:171) - Initializing ExecutorService 'applicationTaskExecutor'
2019-07-02 17:35:16,133 INFO  main (org.springframework.scheduling.concurrent.ThreadPoolTaskScheduler:171) - Initializing ExecutorService 'taskScheduler'
2019-07-02 17:35:16,161 INFO  main (org.apache.coyote.http11.Http11NioProtocol:173) - Starting ProtocolHandler ["http-nio-9010"]
2019-07-02 17:35:16,185 INFO  main (org.springframework.boot.web.embedded.tomcat.TomcatWebServer:204) - Tomcat started on port(s): 9010 (http) with context path ''
2019-07-02 17:35:16,187 INFO  main (com.ppx.terminal.TerminalClient:59) - Started TerminalClient in 1.893 seconds (JVM running for 2.592)
2019-07-02 17:35:16,453 INFO  nioEventLoopGroup-2-1 (com.ppx.terminal.netty.client.MyClientHandler:68) - Tue Jul 02 17:35:16 CST 2019:008:login
2019-07-02 17:37:30,916 INFO  nioEventLoopGroup-2-1 (com.ppx.terminal.netty.client.MyClientHandler:53) - execute command:OPEN_DOOR|00000001
2019-07-02 17:37:34,401 INFO  nioEventLoopGroup-2-1 (com.ppx.terminal.netty.client.MyClientHandler:53) - execute command:OPEN_DOOR|00000001
2019-07-02 17:41:18,296 INFO  main (com.ppx.terminal.TerminalClient:50) - Starting TerminalClient on LAPTOP-OI83Q8E1 with PID 2944 (E:\eclipse-workspace-201809\terminal\target\classes started by LENOVO in E:\eclipse-workspace-201809\terminal)
2019-07-02 17:41:18,301 DEBUG main (com.ppx.terminal.TerminalClient:53) - Running with Spring Boot v2.1.5.RELEASE, Spring v5.1.7.RELEASE
2019-07-02 17:41:18,301 INFO  main (com.ppx.terminal.TerminalClient:679) - The following profiles are active: dev
2019-07-02 17:41:19,293 INFO  main (org.springframework.boot.web.embedded.tomcat.TomcatWebServer:90) - Tomcat initialized with port(s): 9010 (http)
2019-07-02 17:41:19,313 INFO  main (org.apache.coyote.http11.Http11NioProtocol:173) - Initializing ProtocolHandler ["http-nio-9010"]
2019-07-02 17:41:19,322 INFO  main (org.apache.catalina.core.StandardService:173) - Starting service [Tomcat]
2019-07-02 17:41:19,323 INFO  main (org.apache.catalina.core.StandardEngine:173) - Starting Servlet engine: [Apache Tomcat/9.0.19]
2019-07-02 17:41:19,419 INFO  main (org.apache.catalina.core.ContainerBase.[Tomcat].[localhost].[/]:173) - Initializing Spring embedded WebApplicationContext
2019-07-02 17:41:19,419 INFO  main (org.springframework.web.context.ContextLoader:296) - Root WebApplicationContext: initialization completed in 1057 ms
2019-07-02 17:41:19,621 INFO  main (org.springframework.scheduling.concurrent.ThreadPoolTaskExecutor:171) - Initializing ExecutorService 'applicationTaskExecutor'
2019-07-02 17:41:19,785 INFO  main (org.springframework.scheduling.concurrent.ThreadPoolTaskScheduler:171) - Initializing ExecutorService 'taskScheduler'
2019-07-02 17:41:19,810 INFO  main (org.apache.coyote.http11.Http11NioProtocol:173) - Starting ProtocolHandler ["http-nio-9010"]
2019-07-02 17:41:19,842 INFO  main (org.springframework.boot.web.embedded.tomcat.TomcatWebServer:204) - Tomcat started on port(s): 9010 (http) with context path ''
2019-07-02 17:41:19,845 INFO  main (com.ppx.terminal.TerminalClient:59) - Started TerminalClient in 1.838 seconds (JVM running for 2.521)
2019-07-02 17:41:20,148 INFO  nioEventLoopGroup-2-1 (com.ppx.terminal.netty.client.MyClientHandler:68) - Tue Jul 02 17:41:20 CST 2019:007:login
2019-07-02 17:41:45,714 INFO  nioEventLoopGroup-2-1 (com.ppx.terminal.netty.client.MyClientHandler:53) - execute command:OPEN_DOOR|00000001
2019-07-02 17:41:47,012 INFO  nioEventLoopGroup-2-1 (com.ppx.terminal.netty.client.MyClientHandler:53) - execute command:OPEN_DOOR|00000001
